TN:
SF:src/index.ts
FNF:0
FNH:0
DA:1,1
DA:2,1
DA:3,1
DA:4,1
DA:5,1
DA:6,1
DA:7,1
DA:8,1
DA:9,1
DA:10,1
DA:11,1
DA:12,1
DA:13,1
DA:14,1
DA:15,1
DA:16,11
DA:17,11
DA:18,11
DA:19,1
DA:20,1
DA:21,1
DA:22,1
DA:23,1
DA:24,1
DA:25,1
DA:26,1
DA:27,1
DA:28,1
DA:29,1
DA:30,1
DA:31,0
DA:32,1
DA:33,1
DA:34,1
DA:35,1
DA:36,1
DA:37,1
DA:38,1
LF:38
LH:37
BRDA:15,0,0,11
BRDA:34,1,0,1
BRF:2
BRH:2
end_of_record
TN:
SF:src/db/config/config.js
FNF:0
FNH:0
DA:1,1
DA:2,1
DA:3,1
DA:4,1
DA:5,1
DA:6,1
DA:7,1
DA:8,1
DA:9,1
DA:10,1
DA:11,1
DA:12,1
DA:13,1
DA:14,1
DA:15,1
DA:16,1
DA:17,1
DA:18,1
DA:19,1
DA:20,1
DA:21,1
DA:22,1
DA:23,1
DA:24,1
DA:25,1
DA:26,1
LF:26
LH:26
BRF:0
BRH:0
end_of_record
TN:
SF:src/db/config/database.ts
FNF:0
FNH:0
DA:1,1
DA:2,1
DA:3,1
DA:4,1
DA:5,1
DA:6,1
DA:7,1
DA:8,1
DA:9,1
DA:10,1
DA:11,1
DA:12,1
DA:13,1
LF:13
LH:13
BRDA:7,0,0,0
BRDA:8,1,0,0
BRDA:9,2,0,0
BRF:3
BRH:0
end_of_record
TN:
SF:src/db/constants/statusCodes.ts
FNF:0
FNH:0
DA:1,1
DA:2,1
DA:3,1
DA:4,1
DA:5,1
DA:6,1
DA:7,1
DA:8,1
DA:9,1
DA:10,1
DA:11,1
DA:12,1
LF:12
LH:12
BRF:0
BRH:0
end_of_record
TN:
SF:src/db/controllers/UsersController.ts
FN:6,getUsers
FN:19,createUser
FN:30,updateUser
FNF:3
FNH:1
FNDA:1,getUsers
FNDA:0,createUser
FNDA:0,updateUser
DA:1,1
DA:2,1
DA:3,1
DA:4,1
DA:5,1
DA:6,1
DA:7,1
DA:8,1
DA:9,1
DA:10,0
DA:11,0
DA:12,0
DA:13,1
DA:14,0
DA:15,0
DA:16,0
DA:17,1
DA:18,1
DA:19,0
DA:20,0
DA:21,0
DA:22,0
DA:23,0
DA:24,0
DA:25,0
DA:26,0
DA:27,0
DA:28,0
DA:29,1
DA:30,0
DA:31,0
DA:32,0
DA:33,0
DA:34,0
DA:35,0
DA:36,0
DA:37,0
DA:38,0
DA:39,0
DA:40,1
DA:41,1
DA:42,1
DA:43,1
DA:44,1
DA:45,1
LF:45
LH:19
BRDA:6,0,0,1
BRDA:10,1,0,0
BRDA:13,2,0,0
BRF:3
BRH:1
end_of_record
TN:
SF:src/db/middlewares/UserMiddlewares.ts
FN:4,testUserCreate
FN:20,testUserUpdate
FNF:2
FNH:2
FNDA:5,testUserCreate
FNDA:5,testUserUpdate
DA:1,1
DA:2,1
DA:3,1
DA:4,5
DA:5,5
DA:6,5
DA:7,5
DA:8,5
DA:9,5
DA:10,5
DA:11,5
DA:12,0
DA:13,0
DA:14,0
DA:15,0
DA:16,0
DA:17,0
DA:18,5
DA:19,1
DA:20,5
DA:21,5
DA:22,5
DA:23,5
DA:24,5
DA:25,5
DA:26,5
DA:27,5
DA:28,5
DA:29,0
DA:30,0
DA:31,0
DA:32,0
DA:33,0
DA:34,5
LF:34
LH:23
BRDA:4,0,0,5
BRDA:7,1,0,4
BRDA:7,2,0,1
BRDA:8,3,0,4
BRDA:8,4,0,3
BRDA:8,5,0,1
BRDA:9,6,0,3
BRDA:9,7,0,2
BRDA:9,8,0,1
BRDA:10,9,0,2
BRDA:10,10,0,1
BRDA:10,11,0,1
BRDA:11,12,0,0
BRDA:11,13,0,1
BRDA:12,14,0,0
BRDA:20,15,0,5
BRDA:23,16,0,4
BRDA:23,17,0,1
BRDA:24,18,0,4
BRDA:24,19,0,3
BRDA:24,20,0,1
BRDA:25,21,0,3
BRDA:25,22,0,2
BRDA:25,23,0,1
BRDA:26,24,0,2
BRDA:26,25,0,1
BRDA:26,26,0,1
BRDA:27,27,0,0
BRDA:27,28,0,1
BRDA:28,29,0,0
BRDA:28,30,0,0
BRF:31
BRH:26
end_of_record
TN:
SF:src/db/models/Users.ts
FN:4,init
FNF:1
FNH:1
FNDA:1,init
DA:1,1
DA:2,1
DA:3,1
DA:4,1
DA:5,1
DA:6,1
DA:7,1
DA:8,1
DA:9,1
DA:10,1
DA:11,1
DA:12,1
DA:13,1
DA:14,1
DA:15,1
DA:16,1
DA:17,1
DA:18,1
DA:19,1
DA:20,1
DA:21,1
DA:22,1
DA:23,1
DA:24,1
DA:25,1
DA:26,1
LF:26
LH:26
BRDA:4,0,0,1
BRF:1
BRH:1
end_of_record
TN:
SF:src/db/models/index.ts
FNF:0
FNH:0
DA:1,1
DA:2,1
DA:3,1
DA:4,1
DA:5,1
DA:6,1
DA:7,1
DA:8,1
DA:9,1
LF:9
LH:9
BRF:0
BRH:0
end_of_record
TN:
SF:src/db/services/UsersService.ts
FN:14,removePunctuation
FN:21,getUsers
FN:32,createUser
FN:60,updateUser
FNF:4
FNH:1
FNDA:0,removePunctuation
FNDA:1,getUsers
FNDA:0,createUser
FNDA:0,updateUser
DA:1,1
DA:2,1
DA:3,1
DA:4,1
DA:5,1
DA:6,1
DA:7,1
DA:8,1
DA:9,1
DA:10,1
DA:11,1
DA:12,1
DA:13,1
DA:14,1
DA:15,0
DA:16,0
DA:17,1
DA:18,1
DA:19,1
DA:20,1
DA:21,1
DA:22,1
DA:23,1
DA:24,1
DA:25,1
DA:26,1
DA:27,0
DA:28,0
DA:29,0
DA:30,1
DA:31,1
DA:32,0
DA:33,0
DA:34,0
DA:35,0
DA:36,0
DA:37,0
DA:38,0
DA:39,0
DA:40,0
DA:41,0
DA:42,0
DA:43,0
DA:44,0
DA:45,0
DA:46,0
DA:47,0
DA:48,0
DA:49,0
DA:50,0
DA:51,0
DA:52,0
DA:53,0
DA:54,0
DA:55,0
DA:56,0
DA:57,0
DA:58,1
DA:59,1
DA:60,0
DA:61,0
DA:62,0
DA:63,0
DA:64,0
DA:65,0
DA:66,0
DA:67,0
DA:68,0
DA:69,0
DA:70,0
DA:71,0
DA:72,0
DA:73,0
DA:74,0
DA:75,0
DA:76,0
DA:77,0
DA:78,0
DA:79,0
DA:80,0
DA:81,0
DA:82,0
LF:82
LH:28
BRDA:18,0,0,0
BRDA:21,1,0,1
BRDA:26,2,0,0
BRF:3
BRH:1
end_of_record
